 GRDAREA   Area covered by grid              24.02;-126.00;50.00;-66.02
 PROJ      Map projection/angles/margins|dr  CED
 KXKY      Number of grid points in x;y      6000;2600
 CPYFIL    Grid file whose navigation is to   
 GFUNC     Scalar grid                       NET
 RADTIM    Radar composite current/dattim    090217/1850
 RADDUR    Radar time window (minutes prior  25
 RADFRQ    Update Frequency                   
 STNFIL    Station information file          nexrad.tbl
 RADMODE   Radar operational mode            PC
 RADFIL    Radar image filename(s)           net_10607.gif
 LUTFIL    Enhancement lookup table filenam  upc_net.tbl
 Parameters requested: GRDAREA,PROJ,KXKY,CPYFIL,GFUNC,RADTIM,RADDUR,RADFRQ,
 STNFIL,RADMODE,RADFIL,LUTFIL.
 GEMPAK-NEX2IMG> GEMPAK-NEX2IMG> GEMPAK-NEX2IMG> GEMPAK-NEX2IMG> GEMPAK-NEX2IMG> GEMPAK-NEX2IMG> GEMPAK-NEX2IMG> GEMPAK-NEX2IMG> GEMPAK-NEX2IMG> GEMPAK-NEX2IMG> GEMPAK-NEX2IMG> GEMPAK-NEX2IMG> GEMPAK-NEX2IMG> GRDAREA  = 24.02;-126.00;50.00;-66.02
 PROJ     = CED
 KXKY     = 6000;2600
 CPYFIL   =  
 GFUNC    = N0R
 RADTIM   = 090217/1920
 RADDUR   = 15
 RADFRQ   =  
 STNFIL   = nexrad.tbl
 RADMODE  = PC
 RADFIL   = n0r_8421.gif
 LUTFIL   = iem_n0r.tbl
 GEMPAK-NEX2IMG> [NEX2IMG 0]  Using:   $RAD/NIDS/TLX/N0R/N0R_20090217_1919
 [NEX2IMG 0]  Using:   $RAD/NIDS/AMA/N0R/N0R_20090217_1917
 [NEX2IMG 0]  Using:   $RAD/NIDS/HGX/N0R/N0R_20090217_1915
 [NEX2IMG 0]  Using:   $RAD/NIDS/MLB/N0R/N0R_20090217_1915
 [NEX2IMG 0]  Using:   $RAD/NIDS/DDC/N0R/N0R_20090217_1915
 [NEX2IMG 0]  Using:   $RAD/NIDS/ICT/N0R/N0R_20090217_1912
 [NEX2IMG 0]  Using:   $RAD/NIDS/IWA/N0R/N0R_20090217_1916
 [NEX2IMG 0]  Using:   $RAD/NIDS/INX/N0R/N0R_20090217_1912
 [NEX2IMG 0]  Using:   $RAD/NIDS/LWX/N0R/N0R_20090217_1916
 [NEX2IMG 0]  Using:   $RAD/NIDS/LZK/N0R/N0R_20090217_1917
 [NEX2IMG 0]  Using:   $RAD/NIDS/FTG/N0R/N0R_20090217_1915
 [NEX2IMG 0]  Using:   $RAD/NIDS/LSX/N0R/N0R_20090217_1913
 [NEX2IMG 0]  Using:   $RAD/NIDS/LVX/N0R/N0R_20090217_1914
 [NEX2IMG 0]  Using:   $RAD/NIDS/DAX/N0R/N0R_20090217_1916
 [NEX2IMG 0]  Using:   $RAD/NIDS/BMX/N0R/N0R_20090217_1920
 [NEX2IMG 0]  Using:   $RAD/NIDS/BOX/N0R/N0R_20090217_1916
 [NEX2IMG 0]  Using:   $RAD/NIDS/FWS/N0R/N0R_20090217_1911
 [NEX2IMG 0]  Using:   $RAD/NIDS/UEX/N0R/N0R_20090217_1919
 [NEX2IMG 0]  Using:   $RAD/NIDS/VTX/N0R/N0R_20090217_1920
 [NEX2IMG 1]  Too old: $RAD/NIDS/LOT/N0R/N0R_20010411_2358
 [NEX2IMG 0]  Using:   $RAD/NIDS/TWX/N0R/N0R_20090217_1919
 [NEX2IMG 0]  Using:   $RAD/NIDS/CBX/N0R/N0R_20090217_1911
 [NEX2IMG 0]  Using:   $RAD/NIDS/EWX/N0R/N0R_20090217_1918
 [NEX2IMG 0]  Using:   $RAD/NIDS/NQA/N0R/N0R_20090217_1917
 [NEX2IMG 0]  Using:   $RAD/NIDS/PBZ/N0R/N0R_20090217_1920
 [NEX2IMG 0]  Using:   $RAD/NIDS/OKX/N0R/N0R_20090217_1913
 [NEX2IMG 1]  Too old: $RAD/NIDS/JAN/N0R/N0R_20010411_2357
 [NEX2IMG 0]  Using:   $RAD/NIDS/CLE/N0R/N0R_20090217_1918
 [NEX2IMG 0]  Using:   $RAD/NIDS/DIX/N0R/N0R_20090217_1916
 [NEX2IMG 0]  Using:   $RAD/NIDS/ATX/N0R/N0R_20090217_1920
 [NEX2IMG 0]  Using:   $RAD/NIDS/LIX/N0R/N0R_20090217_1915
 [NEX2IMG 0]  Using:   $RAD/NIDS/FFC/N0R/N0R_20090217_1917
 [NEX2IMG 0]  Using:   $RAD/NIDS/EAX/N0R/N0R_20090217_1915
 [NEX2IMG 0]  Using:   $RAD/NIDS/BGM/N0R/N0R_20090217_1912
 [NEX2IMG 0]  Using:   $RAD/NIDS/DTX/N0R/N0R_20090217_1912
 [NEX2IMG 0]  Using:   $RAD/NIDS/MOB/N0R/N0R_20090217_1917
 [NEX2IMG 0]  Using:   $RAD/NIDS/CCX/N0R/N0R_20090217_1913
 [NEX2IMG 0]  Using:   $RAD/NIDS/ENX/N0R/N0R_20090217_1912
 [NEX2IMG 0]  Using:   $RAD/NIDS/AMX/N0R/N0R_20090217_1915
 [NEX2IMG 0]  Using:   $RAD/NIDS/GLD/N0R/N0R_20090217_1915
 [NEX2IMG 0]  Using:   $RAD/NIDS/TFX/N0R/N0R_20090217_1918
 [NEX2IMG 0]  Using:   $RAD/NIDS/TBW/N0R/N0R_20090217_1919
 [NEX2IMG 0]  Using:   $RAD/NIDS/MUX/N0R/N0R_20090217_1920
 [NEX2IMG 0]  Using:   $RAD/NIDS/GYX/N0R/N0R_20090217_1912
 [NEX2IMG 0]  Using:   $RAD/NIDS/MHX/N0R/N0R_20090217_1915
 [NEX2IMG 0]  Using:   $RAD/NIDS/LCH/N0R/N0R_20090217_1917
 [NEX2IMG 0]  Using:   $RAD/NIDS/IND/N0R/N0R_20090217_1919
 [NEX2IMG 0]  Using:   $RAD/NIDS/CAE/N0R/N0R_20090217_1917
 [NEX2IMG 0]  Using:   $RAD/NIDS/MTX/N0R/N0R_20090217_1920
 [NEX2IMG 0]  Using:   $RAD/NIDS/MSX/N0R/N0R_20090217_1915
 [NEX2IMG 0]  Using:   $RAD/NIDS/ILN/N0R/N0R_20090217_1912
 [NEX2IMG 0]  Using:   $RAD/NIDS/DMX/N0R/N0R_20090217_1916
 [NEX2IMG 0]  Using:   $RAD/NIDS/RGX/N0R/N0R_20090217_1915
 [NEX2IMG 0]  Using:   $RAD/NIDS/MRX/N0R/N0R_20090217_1913
 [NEX2IMG 0]  Using:   $RAD/NIDS/LTX/N0R/N0R_20090217_1917
 [NEX2IMG 0]  Using:   $RAD/NIDS/RAX/N0R/N0R_20090217_1916
 [NEX2IMG 0]  Using:   $RAD/NIDS/OHX/N0R/N0R_20090217_1915
 [NEX2IMG 0]  Using:   $RAD/NIDS/BHX/N0R/N0R_20090217_1918
 [NEX2IMG 0]  Using:   $RAD/NIDS/RTX/N0R/N0R_20090217_1917
 [NEX2IMG 0]  Using:   $RAD/NIDS/OAX/N0R/N0R_20090217_1912
 [NEX2IMG 0]  Using:   $RAD/NIDS/GRB/N0R/N0R_20090217_1920
 [NEX2IMG 0]  Using:   $RAD/NIDS/JAX/N0R/N0R_20090217_1912
 [NEX2IMG 0]  Using:   $RAD/NIDS/TLH/N0R/N0R_20090217_1920
 [NEX2IMG 0]  Using:   $RAD/NIDS/ABX/N0R/N0R_20090217_1920
 [NEX2IMG 0]  Using:   $RAD/NIDS/FCX/N0R/N0R_20090217_1920
 [NEX2IMG 0]  Using:   $RAD/NIDS/PUX/N0R/N0R_20090217_1911
 [NEX2IMG 0]  Using:   $RAD/NIDS/AKQ/N0R/N0R_20090217_1910
 [NEX2IMG 0]  Using:   $RAD/NIDS/RLX/N0R/N0R_20090217_1912
 [NEX2IMG 0]  Using:   $RAD/NIDS/ABR/N0R/N0R_20090217_1919
 [NEX2IMG 0]  Using:   $RAD/NIDS/DVN/N0R/N0R_20090217_1915
 [NEX2IMG 0]  Using:   $RAD/NIDS/PAH/N0R/N0R_20090217_1919
 [NEX2IMG 0]  Using:   $RAD/NIDS/ESX/N0R/N0R_20090217_1913
 [NEX2IMG 0]  Using:   $RAD/NIDS/LBB/N0R/N0R_20090217_1920
 [NEX2IMG 0]  Using:   $RAD/NIDS/SGF/N0R/N0R_20090217_1917
 [NEX2IMG 0]  Using:   $RAD/NIDS/MAF/N0R/N0R_20090217_1915
 [NEX2IMG 0]  Using:   $RAD/NIDS/MKX/N0R/N0R_20090217_1913
 [NEX2IMG 0]  Using:   $RAD/NIDS/HNX/N0R/N0R_20090217_1919
 [NEX2IMG 0]  Using:   $RAD/NIDS/BRO/N0R/N0R_20090217_1917
 [NEX2IMG 0]  Using:   $RAD/NIDS/SHV/N0R/N0R_20090217_1914
 [NEX2IMG 0]  Using:   $RAD/NIDS/BIS/N0R/N0R_20090217_1919
 [NEX2IMG 0]  Using:   $RAD/NIDS/FSD/N0R/N0R_20090217_1911
 [NEX2IMG 0]  Using:   $RAD/NIDS/CYS/N0R/N0R_20090217_1913
 [NEX2IMG 0]  Using:   $RAD/NIDS/MPX/N0R/N0R_20090217_1915
 [NEX2IMG 0]  Using:   $RAD/NIDS/EMX/N0R/N0R_20090217_1916
 [NEX2IMG 0]  Using:   $RAD/NIDS/ILX/N0R/N0R_20090217_1912
 [NEX2IMG 0]  Using:   $RAD/NIDS/GRR/N0R/N0R_20090217_1915
 [NEX2IMG 0]  Using:   $RAD/NIDS/MQT/N0R/N0R_20090217_1920
 [NEX2IMG 0]  Using:   $RAD/NIDS/CBW/N0R/N0R_20090217_1917
 [NEX2IMG 0]  Using:   $RAD/NIDS/SFX/N0R/N0R_20090217_1916
 [NEX2IMG 0]  Using:   $RAD/NIDS/GSP/N0R/N0R_20090217_1917
 [NEX2IMG 0]  Using:   $RAD/NIDS/BLX/N0R/N0R_20090217_1912
 [NEX2IMG 0]  Using:   $RAD/NIDS/BUF/N0R/N0R_20090217_1920
 [NEX2IMG 0]  Using:   $RAD/NIDS/RIW/N0R/N0R_20090217_1917
 [NEX2IMG 0]  Using:   $RAD/NIDS/LRX/N0R/N0R_20090217_1919
 [NEX2IMG 0]  Using:   $RAD/NIDS/MAX/N0R/N0R_20090217_1920
 [NEX2IMG 0]  Using:   $RAD/NIDS/DLH/N0R/N0R_20090217_1911
 [NEX2IMG 0]  Using:   $RAD/NIDS/FSX/N0R/N0R_20090217_1916
 [NEX2IMG 0]  Using:   $RAD/NIDS/GJX/N0R/N0R_20090217_1920
 [NEX2IMG 0]  Using:   $RAD/NIDS/CLX/N0R/N0R_20090217_1919
 [NEX2IMG 0]  Using:   $RAD/NIDS/MVX/N0R/N0R_20090217_1911
 [NEX2IMG 0]  Using:   $RAD/NIDS/UDX/N0R/N0R_20090217_1919
 [NEX2IMG 1]  Too old: $RAD/NIDS/OTX/N0R/N0R_20010411_2354
 [NEX2IMG 0]  Using:   $RAD/NIDS/EPZ/N0R/N0R_20090217_1917
 [NEX2IMG 0]  Using:   $RAD/NIDS/PDT/N0R/N0R_20090217_1916
 [NEX2IMG 0]  Using:   $RAD/NIDS/SJT/N0R/N0R_20090217_1915
 [NEX2IMG 0]  Using:   $RAD/NIDS/LNX/N0R/N0R_20090217_1920
 [NEX2IMG 0]  Using:   $RAD/NIDS/APX/N0R/N0R_20090217_1917
 [NEX2IMG 0]  Using:   $RAD/NIDS/GGW/N0R/N0R_20090217_1919
 [NEX2IMG 0]  Using:   $RAD/NIDS/ARX/N0R/N0R_20090217_1912
 [NEX2IMG 0]  Using:   $RAD/NIDS/CRP/N0R/N0R_20090217_1912
 [NEX2IMG 0]  Using:   $RAD/NIDS/NKX/N0R/N0R_20090217_1919
 [NEX2IMG 0]  Using:   $RAD/NIDS/JKL/N0R/N0R_20090217_1917
 [NEX2IMG 0]  Using:   $RAD/NIDS/BYX/N0R/N0R_20090217_1916
 [NEX2IMG 0]  Using:   $RAD/NIDS/YUX/N0R/N0R_20090217_1917
 [NEX2IMG 0]  Using:   $RAD/NIDS/SOX/N0R/N0R_20090217_1920
 [NEX2IMG 0]  Using:   $RAD/NIDS/ICX/N0R/N0R_20090217_1916
 [NEX2IMG 0]  Using:   $RAD/NIDS/CXX/N0R/N0R_20090217_1914
 [NEX2IMG 0]  Using:   $RAD/NIDS/SRX/N0R/N0R_20090217_1917
 [NEX2IMG 0]  Using:   $RAD/NIDS/HTX/N0R/N0R_20090217_1920
 [NEX2IMG 0]  Using:   $RAD/NIDS/IWX/N0R/N0R_20090217_1915
 [NEX2IMG 0]  Using:   $RAD/NIDS/FDR/N0R/N0R_20090217_1920
 [NEX2IMG 0]  Using:   $RAD/NIDS/EVX/N0R/N0R_20090217_1917
 [NEX2IMG 0]  Using:   $RAD/NIDS/DOX/N0R/N0R_20090217_1914
 [NEX2IMG 0]  Using:   $RAD/NIDS/GRK/N0R/N0R_20090217_1914
 [NEX2IMG 0]  Using:   $RAD/NIDS/VBX/N0R/N0R_20090217_1918
 [NEX2IMG 0]  Using:   $RAD/NIDS/VNX/N0R/N0R_20090217_1912
 [NEX2IMG 0]  Using:   $RAD/NIDS/DYX/N0R/N0R_20090217_1920
 [NEX2IMG 0]  Using:   $RAD/NIDS/JGX/N0R/N0R_20090217_1914
 [NEX2IMG 0]  Using:   $RAD/NIDS/MXX/N0R/N0R_20090217_1919
 [NEX2IMG 0]  Using:   $RAD/NIDS/FDX/N0R/N0R_20090217_1913
 [NEX2IMG 0]  Using:   $RAD/NIDS/HDX/N0R/N0R_20090217_1915
 [NEX2IMG 0]  Using:   $RAD/NIDS/DFX/N0R/N0R_20090217_1914
 [NEX2IMG 0]  Using:   $RAD/NIDS/MBX/N0R/N0R_20090217_1913
 [NEX2IMG 0]  Using:   $RAD/NIDS/POE/N0R/N0R_20090217_1911
 [NEX2IMG 0]  Using:   $RAD/NIDS/GWX/N0R/N0R_20090217_1920
 [NEX2IMG 0]  Using:   $RAD/NIDS/EYX/N0R/N0R_20090217_1916
 [NEX2IMG 0]  Using:   $RAD/NIDS/EOX/N0R/N0R_20090217_1916
 [NEX2IMG 0]  Using:   $RAD/NIDS/BBX/N0R/N0R_20090217_1917
 [NEX2IMG 0]  Using:   $RAD/NIDS/VAX/N0R/N0R_20090217_1917
 [NEX2IMG 0]  Using:   $RAD/NIDS/HPX/N0R/N0R_20090217_1917
 [NEX2IMG 0]  Using:   $RAD/NIDS/TYX/N0R/N0R_20090217_1915
 [NEX2IMG 0]  Using:   $RAD/NIDS/VWX/N0R/N0R_20090217_1917
 [NEX2IMG 0]  Using:   $RAD/NIDS/DGX/N0R/N0R_20090217_1917
 [NEX2IMG 4]  Write image 090217/1920
 Parameters requested: GRDAREA,PROJ,KXKY,CPYFIL,GFUNC,RADTIM,RADDUR,RADFRQ,
 STNFIL,RADMODE,RADFIL,LUTFIL.
 GEMPAK-NEX2IMG> GEMPAK-NEX2IMG>