 GRDAREA   Area covered by grid              24.02;-126.00;50.00;-66.02
 PROJ      Map projection/angles/margins|dr  CED
 KXKY      Number of grid points in x;y      6000;2600
 CPYFIL    Grid file whose navigation is to   
 GFUNC     Scalar grid                       N0R
 RADTIM    Radar composite current/dattim    090217/1805
 RADDUR    Radar time window (minutes prior  15
 RADFRQ    Update Frequency                   
 STNFIL    Station information file          nexrad.tbl
 RADMODE   Radar operational mode            PC
 RADFIL    Radar image filename(s)           n0r_9646.gif
 LUTFIL    Enhancement lookup table filenam  iem_n0r.tbl
 Parameters requested: GRDAREA,PROJ,KXKY,CPYFIL,GFUNC,RADTIM,RADDUR,RADFRQ,
 STNFIL,RADMODE,RADFIL,LUTFIL.
 GEMPAK-NEX2IMG> GEMPAK-NEX2IMG> GEMPAK-NEX2IMG> GEMPAK-NEX2IMG> GEMPAK-NEX2IMG> GEMPAK-NEX2IMG> GEMPAK-NEX2IMG> GEMPAK-NEX2IMG> GEMPAK-NEX2IMG> GEMPAK-NEX2IMG> GEMPAK-NEX2IMG> GEMPAK-NEX2IMG> GEMPAK-NEX2IMG> GRDAREA  = 24.02;-126.00;50.00;-66.02
 PROJ     = CED
 KXKY     = 6000;2600
 CPYFIL   =  
 GFUNC    = NET
 RADTIM   = 090217/1805
 RADDUR   = 25
 RADFRQ   =  
 STNFIL   = nexrad.tbl
 RADMODE  = PC
 RADFIL   = net_9646.gif
 LUTFIL   = upc_net.tbl
 GEMPAK-NEX2IMG> Error: requested inages size     36000000  is larger than maximum image size     15000000
