 GRDAREA   Area covered by grid              24.02;-126.00;50.00;-66.02
 PROJ      Map projection/angles/margins|dr  CED
 KXKY      Number of grid points in x;y      6000;2600
 CPYFIL    Grid file whose navigation is to   
 GFUNC     Scalar grid                       n1p
 RADTIM    Radar composite current/dattim    090217/1655
 RADDUR    Radar time window (minutes prior  15
 RADFRQ    Update Frequency                   
 STNFIL    Station information file          nexrad.tbl
 RADMODE   Radar operational mode             
 RADFIL    Radar image filename(s)           radar_5356.gif
 LUTFIL    Enhancement lookup table filenam  upc_n1p.tbl
 Parameters requested: GRDAREA,PROJ,KXKY,CPYFIL,GFUNC,RADTIM,RADDUR,RADFRQ,
 STNFIL,RADMODE,RADFIL,LUTFIL.
 GEMPAK-NEX2IMG> GEMPAK-NEX2IMG> GEMPAK-NEX2IMG> GEMPAK-NEX2IMG> GEMPAK-NEX2IMG> GEMPAK-NEX2IMG> GEMPAK-NEX2IMG> GEMPAK-NEX2IMG> GEMPAK-NEX2IMG> GEMPAK-NEX2IMG> GEMPAK-NEX2IMG> GEMPAK-NEX2IMG> GEMPAK-NEX2IMG> GRDAREA  = 24.02;-126.00;50.00;-66.02
 PROJ     = CED
 KXKY     = 6000;2600
 CPYFIL   =  
 GFUNC    = ntp
 RADTIM   = 090217/1655
 RADDUR   = 15
 RADFRQ   =  
 STNFIL   = nexrad.tbl
 RADMODE  =  
 RADFIL   = radar_5691.gif
 LUTFIL   = upc_ntp.tbl
 GEMPAK-NEX2IMG> [NEX2IMG 0]  Using:   $RAD/NIDS/TLX/NTP/NTP_20090217_1652
 [NEX2IMG 0]  Using:   $RAD/NIDS/AMA/NTP/NTP_20090217_1651
 [NEX2IMG 0]  Using:   $RAD/NIDS/HGX/NTP/NTP_20090217_1649
 [NEX2IMG 0]  Using:   $RAD/NIDS/MLB/NTP/NTP_20090217_1650
 [NEX2IMG 1]  Too old: $RAD/NIDS/DDC/NTP/NTP_20090217_1507
 [NEX2IMG 0]  Using:   $RAD/NIDS/ICT/NTP/NTP_20090217_1646
 [NEX2IMG 0]  Using:   $RAD/NIDS/IWA/NTP/NTP_20090217_1653
 [NEX2IMG 0]  Using:   $RAD/NIDS/INX/NTP/NTP_20090217_1645
 [NEX2IMG 0]  Using:   $RAD/NIDS/LWX/NTP/NTP_20090217_1640
 [NEX2IMG 0]  Using:   $RAD/NIDS/LZK/NTP/NTP_20090217_1642
 [NEX2IMG 0]  Using:   $RAD/NIDS/FTG/NTP/NTP_20090217_1649
 [NEX2IMG 0]  Using:   $RAD/NIDS/LSX/NTP/NTP_20090217_1647
 [NEX2IMG 0]  Using:   $RAD/NIDS/LVX/NTP/NTP_20090217_1649
 [NEX2IMG 0]  Using:   $RAD/NIDS/DAX/NTP/NTP_20090217_1649
 [NEX2IMG 0]  Using:   $RAD/NIDS/BMX/NTP/NTP_20090217_1654
 [NEX2IMG 0]  Using:   $RAD/NIDS/BOX/NTP/NTP_20090217_1642
 [NEX2IMG 0]  Using:   $RAD/NIDS/FWS/NTP/NTP_20090217_1647
 [NEX2IMG 0]  Using:   $RAD/NIDS/UEX/NTP/NTP_20090217_1644
 [NEX2IMG 0]  Using:   $RAD/NIDS/VTX/NTP/NTP_20090217_1652
 [NEX2IMG 0]  Using:   $RAD/NIDS/LOT/NTP/NTP_20090217_1647
 [NEX2IMG 0]  Using:   $RAD/NIDS/TWX/NTP/NTP_20090217_1644
 [NEX2IMG 0]  Using:   $RAD/NIDS/CBX/NTP/NTP_20090217_1649
 [NEX2IMG 0]  Using:   $RAD/NIDS/EWX/NTP/NTP_20090217_1643
 [NEX2IMG 0]  Using:   $RAD/NIDS/NQA/NTP/NTP_20090217_1652
 [NEX2IMG 0]  Using:   $RAD/NIDS/PBZ/NTP/NTP_20090217_1645
 [NEX2IMG 1]  Too old: $RAD/NIDS/OKX/NTP/NTP_20090217_1632
 [NEX2IMG 0]  Using:   $RAD/NIDS/CLE/NTP/NTP_20090217_1647
 [NEX2IMG 0]  Using:   $RAD/NIDS/DIX/NTP/NTP_20090217_1645
 [NEX2IMG 0]  Using:   $RAD/NIDS/ATX/NTP/NTP_20090217_1640
 [NEX2IMG 1]  Too old: $RAD/NIDS/LIX/NTP/NTP_20090217_1605
 [NEX2IMG 0]  Using:   $RAD/NIDS/FFC/NTP/NTP_20090217_1647
 [NEX2IMG 1]  Too old: $RAD/NIDS/EAX/NTP/NTP_20090217_1636
 [NEX2IMG 0]  Using:   $RAD/NIDS/BGM/NTP/NTP_20090217_1646
 [NEX2IMG 0]  Using:   $RAD/NIDS/DTX/NTP/NTP_20090217_1645
 [NEX2IMG 0]  Using:   $RAD/NIDS/MOB/NTP/NTP_20090217_1648
 [NEX2IMG 1]  Too old: $RAD/NIDS/CCX/NTP/NTP_20090217_1639
 [NEX2IMG 0]  Using:   $RAD/NIDS/ENX/NTP/NTP_20090217_1645
 [NEX2IMG 0]  Using:   $RAD/NIDS/AMX/NTP/NTP_20090217_1649
 [NEX2IMG 1]  Too old: $RAD/NIDS/GLD/NTP/NTP_20090217_1525
 [NEX2IMG 0]  Using:   $RAD/NIDS/TFX/NTP/NTP_20090217_1643
 [NEX2IMG 0]  Using:   $RAD/NIDS/TBW/NTP/NTP_20090217_1644
 [NEX2IMG 0]  Using:   $RAD/NIDS/MUX/NTP/NTP_20090217_1651
 [NEX2IMG 0]  Using:   $RAD/NIDS/GYX/NTP/NTP_20090217_1646
 [NEX2IMG 1]  Too old: $RAD/NIDS/MHX/NTP/NTP_20090217_1638
 [NEX2IMG 0]  Using:   $RAD/NIDS/LCH/NTP/NTP_20090217_1651
 [NEX2IMG 0]  Using:   $RAD/NIDS/IND/NTP/NTP_20090217_1641
 [NEX2IMG 0]  Using:   $RAD/NIDS/CAE/NTP/NTP_20090217_1651
 [NEX2IMG 0]  Using:   $RAD/NIDS/MTX/NTP/NTP_20090217_1649
 [NEX2IMG 0]  Using:   $RAD/NIDS/MSX/NTP/NTP_20090217_1647
 [NEX2IMG 0]  Using:   $RAD/NIDS/ILN/NTP/NTP_20090217_1647
 [NEX2IMG 0]  Using:   $RAD/NIDS/DMX/NTP/NTP_20090217_1646
 [NEX2IMG 1]  Too old: $RAD/NIDS/RGX/NTP/NTP_20090217_1634
 [NEX2IMG 0]  Using:   $RAD/NIDS/MRX/NTP/NTP_20090217_1647
 [NEX2IMG 0]  Using:   $RAD/NIDS/LTX/NTP/NTP_20090217_1641
 [NEX2IMG 0]  Using:   $RAD/NIDS/RAX/NTP/NTP_20090217_1651
 [NEX2IMG 0]  Using:   $RAD/NIDS/OHX/NTP/NTP_20090217_1652
 [NEX2IMG 0]  Using:   $RAD/NIDS/BHX/NTP/NTP_20090217_1641
 [NEX2IMG 0]  Using:   $RAD/NIDS/RTX/NTP/NTP_20090217_1642
 [NEX2IMG 0]  Using:   $RAD/NIDS/OAX/NTP/NTP_20090217_1648
 [NEX2IMG 0]  Using:   $RAD/NIDS/GRB/NTP/NTP_20090217_1644
 [NEX2IMG 0]  Using:   $RAD/NIDS/JAX/NTP/NTP_20090217_1646
 [NEX2IMG 0]  Using:   $RAD/NIDS/TLH/NTP/NTP_20090217_1649
 [NEX2IMG 0]  Using:   $RAD/NIDS/ABX/NTP/NTP_20090217_1644
 [NEX2IMG 0]  Using:   $RAD/NIDS/FCX/NTP/NTP_20090217_1644
 [NEX2IMG 0]  Using:   $RAD/NIDS/PUX/NTP/NTP_20090217_1646
 [NEX2IMG 0]  Using:   $RAD/NIDS/AKQ/NTP/NTP_20090217_1648
 [NEX2IMG 0]  Using:   $RAD/NIDS/RLX/NTP/NTP_20090217_1649
 [NEX2IMG 0]  Using:   $RAD/NIDS/ABR/NTP/NTP_20090217_1646
 [NEX2IMG 0]  Using:   $RAD/NIDS/DVN/NTP/NTP_20090217_1651
 [NEX2IMG 0]  Using:   $RAD/NIDS/PAH/NTP/NTP_20090217_1654
 [NEX2IMG 1]  Too old: $RAD/NIDS/ESX/NTP/NTP_20090217_1639
 [NEX2IMG 0]  Using:   $RAD/NIDS/LBB/NTP/NTP_20090217_1643
 [NEX2IMG 0]  Using:   $RAD/NIDS/SGF/NTP/NTP_20090217_1642
 [NEX2IMG 0]  Using:   $RAD/NIDS/MAF/NTP/NTP_20090217_1648
 [NEX2IMG 0]  Using:   $RAD/NIDS/MKX/NTP/NTP_20090217_1647
 [NEX2IMG 0]  Using:   $RAD/NIDS/HNX/NTP/NTP_20090217_1654
 [NEX2IMG 0]  Using:   $RAD/NIDS/BRO/NTP/NTP_20090217_1648
 [NEX2IMG 0]  Using:   $RAD/NIDS/SHV/NTP/NTP_20090217_1649
 [NEX2IMG 0]  Using:   $RAD/NIDS/BIS/NTP/NTP_20090217_1643
 [NEX2IMG 1]  Too old: $RAD/NIDS/FSD/NTP/NTP_20090217_1352
 [NEX2IMG 0]  Using:   $RAD/NIDS/CYS/NTP/NTP_20090217_1648
 [NEX2IMG 0]  Using:   $RAD/NIDS/MPX/NTP/NTP_20090217_1641
 [NEX2IMG 0]  Using:   $RAD/NIDS/EMX/NTP/NTP_20090217_1650
 [NEX2IMG 0]  Using:   $RAD/NIDS/ILX/NTP/NTP_20090217_1646
 [NEX2IMG 0]  Using:   $RAD/NIDS/GRR/NTP/NTP_20090217_1643
 [NEX2IMG 0]  Using:   $RAD/NIDS/MQT/NTP/NTP_20090217_1642
 [NEX2IMG 0]  Using:   $RAD/NIDS/CBW/NTP/NTP_20090217_1650
 [NEX2IMG 0]  Using:   $RAD/NIDS/SFX/NTP/NTP_20090217_1652
 [NEX2IMG 0]  Using:   $RAD/NIDS/GSP/NTP/NTP_20090217_1643
 [NEX2IMG 0]  Using:   $RAD/NIDS/BLX/NTP/NTP_20090217_1646
 [NEX2IMG 0]  Using:   $RAD/NIDS/BUF/NTP/NTP_20090217_1652
 [NEX2IMG 0]  Using:   $RAD/NIDS/RIW/NTP/NTP_20090217_1642
 [NEX2IMG 0]  Using:   $RAD/NIDS/LRX/NTP/NTP_20090217_1652
 [NEX2IMG 0]  Using:   $RAD/NIDS/MAX/NTP/NTP_20090217_1651
 [NEX2IMG 0]  Using:   $RAD/NIDS/DLH/NTP/NTP_20090217_1644
 [NEX2IMG 0]  Using:   $RAD/NIDS/FSX/NTP/NTP_20090217_1640
 [NEX2IMG 0]  Using:   $RAD/NIDS/GJX/NTP/NTP_20090217_1643
 [NEX2IMG 0]  Using:   $RAD/NIDS/CLX/NTP/NTP_20090217_1649
 [NEX2IMG 0]  Using:   $RAD/NIDS/MVX/NTP/NTP_20090217_1645
 [NEX2IMG 0]  Using:   $RAD/NIDS/UDX/NTP/NTP_20090217_1645
 [NEX2IMG 1]  Too old: $RAD/NIDS/OTX/NTP/NTP_20090217_1632
 [NEX2IMG 0]  Using:   $RAD/NIDS/EPZ/NTP/NTP_20090217_1640
 [NEX2IMG 0]  Using:   $RAD/NIDS/PDT/NTP/NTP_20090217_1652
 [NEX2IMG 0]  Using:   $RAD/NIDS/SJT/NTP/NTP_20090217_1648
 [NEX2IMG 0]  Using:   $RAD/NIDS/LNX/NTP/NTP_20090217_1640
 [NEX2IMG 0]  Using:   $RAD/NIDS/APX/NTP/NTP_20090217_1648
 [NEX2IMG 0]  Using:   $RAD/NIDS/GGW/NTP/NTP_20090217_1644
 [NEX2IMG 0]  Using:   $RAD/NIDS/ARX/NTP/NTP_20090217_1652
 [NEX2IMG 0]  Using:   $RAD/NIDS/CRP/NTP/NTP_20090217_1647
 [NEX2IMG 0]  Using:   $RAD/NIDS/NKX/NTP/NTP_20090217_1653
 [NEX2IMG 0]  Using:   $RAD/NIDS/JKL/NTP/NTP_20090217_1643
 [NEX2IMG 0]  Using:   $RAD/NIDS/BYX/NTP/NTP_20090217_1641
 [NEX2IMG 0]  Using:   $RAD/NIDS/YUX/NTP/NTP_20090217_1652
 [NEX2IMG 0]  Using:   $RAD/NIDS/SOX/NTP/NTP_20090217_1651
 [NEX2IMG 0]  Using:   $RAD/NIDS/ICX/NTP/NTP_20090217_1652
 [NEX2IMG 0]  Using:   $RAD/NIDS/CXX/NTP/NTP_20090217_1649
 [NEX2IMG 0]  Using:   $RAD/NIDS/SRX/NTP/NTP_20090217_1651
 [NEX2IMG 0]  Using:   $RAD/NIDS/HTX/NTP/NTP_20090217_1652
 [NEX2IMG 0]  Using:   $RAD/NIDS/IWX/NTP/NTP_20090217_1650
 [NEX2IMG 0]  Using:   $RAD/NIDS/FDR/NTP/NTP_20090217_1642
 [NEX2IMG 0]  Using:   $RAD/NIDS/EVX/NTP/NTP_20090217_1643
 [NEX2IMG 0]  Using:   $RAD/NIDS/DOX/NTP/NTP_20090217_1647
 [NEX2IMG 0]  Using:   $RAD/NIDS/GRK/NTP/NTP_20090217_1648
 [NEX2IMG 0]  Using:   $RAD/NIDS/VBX/NTP/NTP_20090217_1653
 [NEX2IMG 0]  Using:   $RAD/NIDS/VNX/NTP/NTP_20090217_1651
 [NEX2IMG 1]  Too old: $RAD/NIDS/DYX/NTP/NTP_20090217_1600
 [NEX2IMG 0]  Using:   $RAD/NIDS/JGX/NTP/NTP_20090217_1648
 [NEX2IMG 0]  Using:   $RAD/NIDS/MXX/NTP/NTP_20090217_1654
 [NEX2IMG 0]  Using:   $RAD/NIDS/FDX/NTP/NTP_20090217_1645
 [NEX2IMG 0]  Using:   $RAD/NIDS/HDX/NTP/NTP_20090217_1641
 [NEX2IMG 0]  Using:   $RAD/NIDS/DFX/NTP/NTP_20090217_1648
 [NEX2IMG 0]  Using:   $RAD/NIDS/MBX/NTP/NTP_20090217_1641
 [NEX2IMG 0]  Using:   $RAD/NIDS/POE/NTP/NTP_20090217_1654
 [NEX2IMG 0]  Using:   $RAD/NIDS/GWX/NTP/NTP_20090217_1652
 [NEX2IMG 0]  Using:   $RAD/NIDS/EYX/NTP/NTP_20090217_1653
 [NEX2IMG 0]  Using:   $RAD/NIDS/EOX/NTP/NTP_20090217_1651
 [NEX2IMG 0]  Using:   $RAD/NIDS/BBX/NTP/NTP_20090217_1652
 [NEX2IMG 0]  Using:   $RAD/NIDS/VAX/NTP/NTP_20090217_1654
 [NEX2IMG 0]  Using:   $RAD/NIDS/HPX/NTP/NTP_20090217_1651
 [NEX2IMG 0]  Using:   $RAD/NIDS/TYX/NTP/NTP_20090217_1642
 [NEX2IMG 0]  Using:   $RAD/NIDS/VWX/NTP/NTP_20090217_1652
 [NEX2IMG 0]  Using:   $RAD/NIDS/DGX/NTP/NTP_20090217_1654
 [NEX2IMG 4]  Write image 090217/1655
